#
# There is insufficient memory for the Java Runtime Environment to continue.
# Native memory allocation (mmap) failed to map 266338304 bytes for Failed to commit area from 0x0000000702000000 to 0x0000000711e00000 of length 266338304.
# Possible reasons:
#   The system is out of physical RAM or swap space
#   The process is running with CompressedOops enabled, and the Java Heap may be blocking the growth of the native heap
# Possible solutions:
#   Reduce memory load on the system
#   Increase physical memory or swap space
#   Check if swap backing store is full
#   Decrease Java heap size (-Xmx/-Xms)
#   Decrease number of Java threads
#   Decrease Java thread stack sizes (-Xss)
#   Set larger code cache with -XX:ReservedCodeCacheSize=
#   JVM is running with Zero Based Compressed Oops mode in which the Java heap is
#     placed in the first 32GB address space. The Java Heap base address is the
#     maximum limit for the native heap growth. Please use -XX:HeapBaseMinAddress
#     to set the Java Heap base and to place the Java Heap above 32GB virtual address.
# This output file may be truncated or incomplete.
#
#  Out of Memory Error (./open/src/hotspot/os/windows/os_windows.cpp:3315), pid=2708, tid=20956
#
# JRE version:  (14.0.1+7) (build )
# Java VM: OpenJDK 64-Bit Server VM (14.0.1+7, mixed mode, sharing, tiered, compressed oops, g1 gc, windows-amd64)
# No core dump will be written. Minidumps are not enabled by default on client versions of Windows
#

---------------  S U M M A R Y ------------

Command Line: -agentlib:jdwp=transport=dt_socket,address=127.0.0.1:63789,suspend=y,server=n -ea -Didea.test.cyclic.buffer.size=1048576 -javaagent:C:\Users\Administrator\AppData\Local\JetBrains\IntelliJIdea2020.1\captureAgent\debugger-agent.jar -Dfile.encoding=UTF-8 com.intellij.rt.junit.JUnitStarter -ideVersion5 -junit5 @w@C:\Users\Administrator\AppData\Local\Temp\idea_working_dirs_junit.tmp @C:\Users\Administrator\AppData\Local\Temp\idea_junit.tmp

Host: Intel(R) Core(TM) i5-9400 CPU @ 2.90GHz, 6 cores, 15G,  Windows 10 , 64 bit Build 19041 (10.0.19041.546)
Time: Tue Nov 16 15:06:38 2021 中国标准时间 elapsed time: 0 seconds (0d 0h 0m 0s)

---------------  T H R E A D  ---------------

Current thread (0x0000020568ecd000):  JavaThread "Unknown thread" [_thread_in_vm, id=20956, stack(0x0000007bea300000,0x0000007bea400000)]

Stack: [0x0000007bea300000,0x0000007bea400000]
Native frames: (J=compiled Java code, j=interpreted, Vv=VM code, C=native code)
V  [jvm.dll+0x5f840a]
V  [jvm.dll+0x741e4a]
V  [jvm.dll+0x7435ff]
V  [jvm.dll+0x743c43]
V  [jvm.dll+0x20d288]
V  [jvm.dll+0x5f57ba]
V  [jvm.dll+0x5ea615]
V  [jvm.dll+0x2c7e9c]
V  [jvm.dll+0x2c7cd2]
V  [jvm.dll+0x2cdbbc]
V  [jvm.dll+0x313ff8]
V  [jvm.dll+0x313720]
V  [jvm.dll+0x2a092a]
V  [jvm.dll+0x2a1a79]
V  [jvm.dll+0x71f718]
V  [jvm.dll+0x321c44]
V  [jvm.dll+0x700b0c]
V  [jvm.dll+0x392dff]
V  [jvm.dll+0x394e71]
C  [jli.dll+0x523b]
C  [ucrtbase.dll+0x214c2]
C  [KERNEL32.DLL+0x17034]
C  [ntdll.dll+0x4cec1]


---------------  P R O C E S S  ---------------

Threads class SMR info:
_java_thread_list=0x00007ffca1d53078, length=0, elements={
}

Java Threads: ( => current thread )

Other Threads:
  0x0000020568f34000 GCTaskThread "GC Thread#0" [stack: 0x0000007bea400000,0x0000007bea500000] [id=6088]
  0x0000020568f55800 ConcurrentGCThread "G1 Main Marker" [stack: 0x0000007bea500000,0x0000007bea600000] [id=20460]
  0x0000020568f58000 ConcurrentGCThread "G1 Conc#0" [stack: 0x0000007bea600000,0x0000007bea700000] [id=26132]

[error occurred during error reporting (printing all threads), id 0xc0000005, EXCEPTION_ACCESS_VIOLATION (0xc0000005) at pc=0x00007ffca1581257]

VM state:not at safepoint (not fully initialized)

VM Mutex/Monitor currently owned by a thread:  ([mutex/lock_event])
[0x0000020568ec8870] Heap_lock - owner thread: 0x0000020568ecd000

Heap address: 0x0000000702000000, size: 4064 MB, Compressed Oops mode: Zero based, Oop shift amount: 3
Narrow klass base: 0x0000000000000000, Narrow klass shift: 0

GC Heap History (0 events):
No events

Deoptimization events (0 events):
No events

Classes unloaded (0 events):
No events

Classes redefined (0 events):
No events

Internal exceptions (0 events):
No events

Events (2 events):
Event: 0.006 Loaded shared library D:\Java\jdks\openjdk-14.0.1\bin\java.dll
Event: 0.006 Loaded shared library D:\Java\jdks\openjdk-14.0.1\bin\zip.dll


Dynamic libraries:
0x00007ff79fb70000 - 0x00007ff79fb7d000 	D:\Java\jdks\openjdk-14.0.1\bin\java.exe
0x00007ffcd9b70000 - 0x00007ffcd9d66000 	C:\WINDOWS\SYSTEM32\ntdll.dll
0x00007ffcd8320000 - 0x00007ffcd83dd000 	C:\WINDOWS\System32\KERNEL32.DLL
0x00007ffcd6ec0000 - 0x00007ffcd7188000 	C:\WINDOWS\System32\KERNELBASE.dll
0x00007ffcd6d10000 - 0x00007ffcd6e10000 	C:\WINDOWS\System32\ucrtbase.dll
0x00007ffccecb0000 - 0x00007ffccecc5000 	D:\Java\jdks\openjdk-14.0.1\bin\VCRUNTIME140.dll
0x00007ffcceb50000 - 0x00007ffcceb68000 	D:\Java\jdks\openjdk-14.0.1\bin\jli.dll
0x00007ffcd8040000 - 0x00007ffcd81e0000 	C:\WINDOWS\System32\USER32.dll
0x00007ffcd6e10000 - 0x00007ffcd6e32000 	C:\WINDOWS\System32\win32u.dll
0x00007ffcd8b10000 - 0x00007ffcd8b3a000 	C:\WINDOWS\System32\GDI32.dll
0x00007ffcd6ae0000 - 0x00007ffcd6be9000 	C:\WINDOWS\System32\gdi32full.dll
0x00007ffcc4340000 - 0x00007ffcc45db000 	C:\WINDOWS\WinSxS\amd64_microsoft.windows.common-controls_6595b64144ccf1df_6.0.19041.488_none_ca04af081b815d21\COMCTL32.dll
0x00007ffcd6c70000 - 0x00007ffcd6d0d000 	C:\WINDOWS\System32\msvcp_win.dll
0x00007ffcd8280000 - 0x00007ffcd831e000 	C:\WINDOWS\System32\msvcrt.dll
0x00007ffcd8ae0000 - 0x00007ffcd8b10000 	C:\WINDOWS\System32\IMM32.DLL
0x00007ffcae0b0000 - 0x00007ffcae14b000 	D:\Java\jdks\openjdk-14.0.1\bin\msvcp140.dll
0x00007ffca12d0000 - 0x00007ffca1dee000 	D:\Java\jdks\openjdk-14.0.1\bin\server\jvm.dll
0x00007ffcd7a70000 - 0x00007ffcd7b1a000 	C:\WINDOWS\System32\ADVAPI32.dll
0x00007ffcd81e0000 - 0x00007ffcd827b000 	C:\WINDOWS\System32\sechost.dll
0x00007ffcd77a0000 - 0x00007ffcd78c4000 	C:\WINDOWS\System32\RPCRT4.dll
0x00007ffcd83e0000 - 0x00007ffcd83e8000 	C:\WINDOWS\System32\PSAPI.DLL
0x00007ffcc2d00000 - 0x00007ffcc2d09000 	C:\WINDOWS\SYSTEM32\WSOCK32.dll
0x00007ffcc2530000 - 0x00007ffcc2557000 	C:\WINDOWS\SYSTEM32\WINMM.dll
0x00007ffcd8a70000 - 0x00007ffcd8adb000 	C:\WINDOWS\System32\WS2_32.dll
0x00007ffcd63e0000 - 0x00007ffcd63ea000 	C:\WINDOWS\SYSTEM32\VERSION.dll
0x00007ffcd4820000 - 0x00007ffcd4832000 	C:\WINDOWS\SYSTEM32\kernel.appcore.dll
0x00007ffccecf0000 - 0x00007ffccecfa000 	D:\Java\jdks\openjdk-14.0.1\bin\jimage.dll
0x00007ffcc3b90000 - 0x00007ffcc3d74000 	C:\WINDOWS\SYSTEM32\DBGHELP.DLL
0x00007ffcc27d0000 - 0x00007ffcc27fc000 	C:\WINDOWS\SYSTEM32\dbgcore.DLL
0x00007ffcd6bf0000 - 0x00007ffcd6c6f000 	C:\WINDOWS\System32\bcryptPrimitives.dll
0x00007ffcace00000 - 0x00007ffcace38000 	D:\Java\jdks\openjdk-14.0.1\bin\jdwp.dll
0x00007ffcbe0e0000 - 0x00007ffcbe105000 	D:\Java\jdks\openjdk-14.0.1\bin\java.dll
0x00007ffcba8a0000 - 0x00007ffcba8ae000 	D:\Java\jdks\openjdk-14.0.1\bin\instrument.dll
0x00007ffcce990000 - 0x00007ffcce9a6000 	D:\Java\jdks\openjdk-14.0.1\bin\zip.dll

dbghelp: loaded successfully - version: 4.0.5 - missing functions: none
symbol engine: initialized successfully - sym options: 0x614 - pdb path: .;D:\Java\jdks\openjdk-14.0.1\bin;C:\WINDOWS\SYSTEM32;C:\WINDOWS\WinSxS\amd64_microsoft.windows.common-controls_6595b64144ccf1df_6.0.19041.488_none_ca04af081b815d21;D:\Java\jdks\openjdk-14.0.1\bin\server

VM Arguments:
jvm_args: -agentlib:jdwp=transport=dt_socket,address=127.0.0.1:63789,suspend=y,server=n -ea -Didea.test.cyclic.buffer.size=1048576 -javaagent:C:\Users\Administrator\AppData\Local\JetBrains\IntelliJIdea2020.1\captureAgent\debugger-agent.jar -Dfile.encoding=UTF-8 
java_command: com.intellij.rt.junit.JUnitStarter -ideVersion5 -junit5 @w@C:\Users\Administrator\AppData\Local\Temp\idea_working_dirs_junit.tmp @C:\Users\Administrator\AppData\Local\Temp\idea_junit.tmp
java_class_path (initial): D:\IntelliJ IDEA\lib\idea_rt.jar;E:\m2\repository\org\junit\platform\junit-platform-launcher\1.4.2\junit-platform-launcher-1.4.2.jar;D:\IntelliJ IDEA\plugins\junit\lib\junit5-rt.jar;D:\IntelliJ IDEA\plugins\junit\lib\junit-rt.jar;E:\Desktop\myJavaStudy\out\production\myJavaStudy;E:\m2\repository\org\junit\jupiter\junit-jupiter\5.4.2\junit-jupiter-5.4.2.jar;E:\m2\repository\org\junit\jupiter\junit-jupiter-api\5.4.2\junit-jupiter-api-5.4.2.jar;E:\m2\repository\org\apiguardian\apiguardian-api\1.0.0\apiguardian-api-1.0.0.jar;E:\m2\repository\org\opentest4j\opentest4j\1.1.1\opentest4j-1.1.1.jar;E:\m2\repository\org\junit\platform\junit-platform-commons\1.4.2\junit-platform-commons-1.4.2.jar;E:\m2\repository\org\junit\jupiter\junit-jupiter-params\5.4.2\junit-jupiter-params-5.4.2.jar;E:\m2\repository\org\junit\jupiter\junit-jupiter-engine\5.4.2\junit-jupiter-engine-5.4.2.jar;E:\m2\repository\org\junit\platform\junit-platform-engine\1.4.2\junit-platform-engine-1.4.2.jar;E:\Desktop\myJavaStudy\lib\mysql-connector-java-5.1.7-bin.jar
Launcher Type: SUN_STANDARD

[Global flags]
     intx CICompilerCount                          = 3                                         {product} {ergonomic}
     uint ConcGCThreads                            = 2                                         {product} {ergonomic}
     uint G1ConcRefinementThreads                  = 6                                         {product} {ergonomic}
   size_t G1HeapRegionSize                         = 1048576                                   {product} {ergonomic}
    uintx GCDrainStackTargetSize                   = 64                                        {product} {ergonomic}
   size_t InitialHeapSize                          = 266338304                                 {product} {ergonomic}
   size_t MarkStackSize                            = 4194304                                   {product} {ergonomic}
   size_t MaxHeapSize                              = 4261412864                                {product} {ergonomic}
   size_t MinHeapDeltaBytes                        = 1048576                                   {product} {ergonomic}
   size_t MinHeapSize                              = 8388608                                   {product} {ergonomic}
    uintx NonNMethodCodeHeapSize                   = 5832780                                {pd product} {ergonomic}
    uintx NonProfiledCodeHeapSize                  = 122912730                              {pd product} {ergonomic}
    uintx ProfiledCodeHeapSize                     = 122912730                              {pd product} {ergonomic}
    uintx ReservedCodeCacheSize                    = 251658240                              {pd product} {ergonomic}
     bool SegmentedCodeCache                       = true                                      {product} {ergonomic}
   size_t SoftMaxHeapSize                          = 4261412864                             {manageable} {ergonomic}
     bool UseCompressedClassPointers               = true                                 {lp64_product} {ergonomic}
     bool UseCompressedOops                        = true                                 {lp64_product} {ergonomic}
     bool UseG1GC                                  = true                                      {product} {ergonomic}
     bool UseLargePagesIndividualAllocation        = false                                  {pd product} {ergonomic}

Logging:
Log output configuration:
 #0: stdout all=warning uptime,level,tags
 #1: stderr all=off uptime,level,tags

Environment Variables:
JAVA_HOME=D:\Java\jdks\openjdk-14.0.1
PATH=C:\Program Files (x86)\Common Files\Oracle\Java\javapath;D:\NodeJs;C:\WINDOWS\system32;C:\WINDOWS;C:\WINDOWS\System32\Wbem;C:\WINDOWS\System32\WindowsPowerShell\v1.0\;D:\Git\cmd;D:\NodeJs\;C:\Program Files\TortoiseGit\bin;C:\WINDOWS\System32\OpenSSH\;D:\SVN\bin;D:\Java\jdks\openjdk-14.0.1\bin;D:\Tomcat\apache-tomcat-10.0.6\bin;C:\Program Files\MySQL\MySQL Server 8.0\bin;;C:\Users\Administrator\AppData\Roaming\npm;C:\Users\Administrator\AppData\Local\Microsoft\WindowsApps;d:\Microsoft VS Code\bin
USERNAME=Administrator
OS=Windows_NT
PROCESSOR_IDENTIFIER=Intel64 Family 6 Model 158 Stepping 13, GenuineIntel



---------------  S Y S T E M  ---------------

OS: Windows 10 , 64 bit Build 19041 (10.0.19041.546)
OS uptime: 13 days 1:55 hours

CPU:total 6 (initial active 6) (6 cores per cpu, 1 threads per core) family 6 model 158 stepping 13, cmov, cx8, fxsr, mmx, sse, sse2, sse3, ssse3, sse4.1, sse4.2, popcnt, avx, avx2, aes, clmul, erms, 3dnowpref, lzcnt, tsc, tscinvbit, bmi1, bmi2, adx, fma

Memory: 4k page, system-wide physical 16254M (4013M free)
TotalPageFile size 32070M (AvailPageFile size 82M)
current process WorkingSet (physical memory assigned to process): 10M, peak: 10M
current process commit charge ("private bytes"): 57M, peak: 311M

vm_info: OpenJDK 64-Bit Server VM (14.0.1+7) for windows-amd64 JRE (14.0.1+7), built on Mar  5 2020 10:30:04 by "mach5one" with MS VC++ 15.9 (VS2017)

END.
